\BOOKMARK [1][-]{section.1}{\376\377\000M\000o\000t\000i\000v\000a\000t\000i\000o\000n\000\040\000o\000f\000\040\000t\000h\000e\000\040\000P\000r\000o\000j\000e\000c\000t}{}% 1
\BOOKMARK [1][-]{section.2}{\376\377\000T\000o\000p\000i\000c\000\040\000A\000n\000a\000l\000y\000s\000i\000s}{}% 2
\BOOKMARK [2][-]{subsection.2.1}{\376\377\000O\000v\000e\000r\000v\000i\000e\000w}{section.2}% 3
\BOOKMARK [2][-]{subsection.2.2}{\376\377\000O\000b\000j\000e\000c\000t\000i\000v\000e\000s}{section.2}% 4
\BOOKMARK [2][-]{subsection.2.3}{\376\377\000K\000e\000y\000\040\000C\000o\000m\000p\000o\000n\000e\000n\000t\000s}{section.2}% 5
\BOOKMARK [1][-]{section.3}{\376\377\000T\000e\000c\000h\000n\000o\000l\000o\000g\000i\000e\000s\000\040\000U\000s\000e\000d}{}% 6
\BOOKMARK [1][-]{section.4}{\376\377\000F\000u\000n\000c\000t\000i\000o\000n\000a\000l\000\040\000R\000e\000q\000u\000i\000r\000e\000m\000e\000n\000t\000s}{}% 7
\BOOKMARK [2][-]{subsection.4.1}{\376\377\000C\000o\000r\000e\000\040\000F\000u\000n\000c\000t\000i\000o\000n\000a\000l\000i\000t\000i\000e\000s}{section.4}% 8
\BOOKMARK [1][-]{section.5}{\376\377\000N\000o\000n\000-\000F\000u\000n\000c\000t\000i\000o\000n\000a\000l\000\040\000R\000e\000q\000u\000i\000r\000e\000m\000e\000n\000t\000s}{}% 9
\BOOKMARK [2][-]{subsection.5.1}{\376\377\000P\000e\000r\000f\000o\000r\000m\000a\000n\000c\000e\000\040\000R\000e\000q\000u\000i\000r\000e\000m\000e\000n\000t\000s}{section.5}% 10
\BOOKMARK [2][-]{subsection.5.2}{\376\377\000U\000s\000a\000b\000i\000l\000i\000t\000y\000\040\000R\000e\000q\000u\000i\000r\000e\000m\000e\000n\000t\000s}{section.5}% 11
\BOOKMARK [2][-]{subsection.5.3}{\376\377\000C\000o\000m\000p\000a\000t\000i\000b\000i\000l\000i\000t\000y\000\040\000R\000e\000q\000u\000i\000r\000e\000m\000e\000n\000t\000s}{section.5}% 12
\BOOKMARK [2][-]{subsection.5.4}{\376\377\000M\000a\000i\000n\000t\000a\000i\000n\000a\000b\000i\000l\000i\000t\000y\000\040\000R\000e\000q\000u\000i\000r\000e\000m\000e\000n\000t\000s}{section.5}% 13
\BOOKMARK [2][-]{subsection.5.5}{\376\377\000S\000c\000a\000l\000a\000b\000i\000l\000i\000t\000y\000\040\000R\000e\000q\000u\000i\000r\000e\000m\000e\000n\000t\000s}{section.5}% 14
\BOOKMARK [1][-]{section.6}{\376\377\000U\000s\000e\000\040\000C\000a\000s\000e\000\040\000D\000i\000a\000g\000r\000a\000m}{}% 15
\BOOKMARK [1][-]{section.7}{\376\377\000S\000y\000s\000t\000e\000m\000\040\000A\000r\000c\000h\000i\000t\000e\000c\000t\000u\000r\000e\000\040\000F\000l\000o\000w\000\040\000C\000h\000a\000r\000t}{}% 16
\BOOKMARK [1][-]{section.8}{\376\377\000C\000l\000a\000s\000s\000\040\000D\000i\000a\000g\000r\000a\000m}{}% 17
\BOOKMARK [1][-]{section.9}{\376\377\000S\000e\000q\000u\000e\000n\000c\000e\000\040\000D\000i\000a\000g\000r\000a\000m\000s}{}% 18
\BOOKMARK [1][-]{section.10}{\376\377\000A\000I\000\040\000M\000o\000d\000e\000l}{}% 19
\BOOKMARK [2][-]{subsection.10.1}{\376\377\000M\000a\000i\000n\000\040\000P\000o\000i\000n\000t\000s\000\040\000o\000f\000\040\000t\000h\000e\000\040\000A\000I\000\040\000A\000r\000c\000h\000i\000t\000e\000c\000t\000u\000r\000e}{section.10}% 20
\BOOKMARK [2][-]{subsection.10.2}{\376\377\000A\000I\000\040\000M\000o\000d\000e\000l\000\040\000A\000r\000c\000h\000i\000t\000e\000c\000t\000u\000r\000e}{section.10}% 21
\BOOKMARK [2][-]{subsection.10.3}{\376\377\000T\000r\000a\000i\000n\000i\000n\000g\000\040\000M\000o\000d\000e\000l}{section.10}% 22
\BOOKMARK [2][-]{subsection.10.4}{\376\377\000A\000c\000c\000u\000r\000a\000c\000y\000\040\000o\000f\000\040\000A\000I}{section.10}% 23
\BOOKMARK [1][-]{section.11}{\376\377\000I\000m\000p\000l\000e\000m\000e\000n\000t\000a\000t\000i\000o\000n\000\040\000a\000n\000d\000\040\000U\000s\000a\000g\000e}{}% 24
\BOOKMARK [1][-]{section.12}{\376\377\000M\000o\000t\000i\000v\000a\000t\000i\000o\000n\000s\000\040\000o\000f\000\040\000P\000i\000e\000c\000e\000s\000\040\000C\000h\000o\000s\000e\000n}{}% 25
\BOOKMARK [1][-]{section.13}{\376\377\000C\000o\000m\000p\000a\000r\000i\000s\000o\000n\000\040\000o\000f\000\040\000G\000e\000n\000e\000r\000a\000t\000e\000d\000\040\000a\000n\000d\000\040\000O\000r\000i\000g\000i\000n\000a\000l\000\040\000S\000h\000e\000e\000t\000\040\000M\000u\000s\000i\000c}{}% 26
\BOOKMARK [2][-]{subsection.13.1}{\376\377\000F\000.\000\040\000C\000h\000o\000p\000i\000n\000\040\000-\000\040\000E\000t\000u\000d\000e\000\040\000o\000p\000.\000\040\0001\0000\000\040\000n\000o\000.\000\040\0005}{section.13}% 27
\BOOKMARK [3][-]{subsubsection.13.1.1}{\376\377\000G\000e\000n\000e\000r\000a\000t\000e\000d\000\040\000s\000h\000e\000e\000t\000\040\000m\000u\000s\000i\000c}{subsection.13.1}% 28
\BOOKMARK [3][-]{subsubsection.13.1.2}{\376\377\000O\000r\000i\000g\000i\000n\000a\000l\000\040\000s\000h\000e\000e\000t\000\040\000m\000u\000s\000i\000c}{subsection.13.1}% 29
\BOOKMARK [2][-]{subsection.13.2}{\376\377\000L\000.\000\040\000v\000a\000n\000\040\000B\000e\000e\000t\000h\000o\000v\000e\000n\000\040\000-\000\040\000S\000o\000n\000a\000t\000a\000\040\000o\000p\000.\000\040\0005\0003\000\040\000n\000o\000.\000\040\0002\0001\000\040\000"\000W\000a\000l\000d\000s\000t\000e\000i\000n\000"\000,\000\040\000A\000l\000l\000e\000g\000r\000o\000\040\000c\000o\000n\000\040\000b\000r\000i\000o}{section.13}% 30
\BOOKMARK [3][-]{subsubsection.13.2.1}{\376\377\000G\000e\000n\000e\000r\000a\000t\000e\000d\000\040\000s\000h\000e\000e\000t\000\040\000m\000u\000s\000i\000c}{subsection.13.2}% 31
\BOOKMARK [3][-]{subsubsection.13.2.2}{\376\377\000O\000r\000i\000g\000i\000n\000a\000l\000\040\000s\000h\000e\000e\000t\000\040\000m\000u\000s\000i\000c}{subsection.13.2}% 32
\BOOKMARK [2][-]{subsection.13.3}{\376\377\000L\000.\000\040\000v\000a\000n\000\040\000B\000e\000e\000t\000h\000o\000v\000e\000n\000\040\000-\000\040\000S\000o\000n\000a\000t\000a\000\040\000o\000p\000.\000\040\0001\0003\000\040\000n\000o\000.\000\040\0008\000\040\000"\000P\000a\000t\000h\000e\000t\000i\000q\000u\000e\000"\000,\000\040\000A\000d\000a\000g\000i\000o\000\040\000c\000a\000n\000t\000a\000b\000i\000l\000e}{section.13}% 33
\BOOKMARK [3][-]{subsubsection.13.3.1}{\376\377\000G\000e\000n\000e\000r\000a\000t\000e\000d\000\040\000s\000h\000e\000e\000t\000\040\000m\000u\000s\000i\000c}{subsection.13.3}% 34
\BOOKMARK [3][-]{subsubsection.13.3.2}{\376\377\000O\000r\000i\000g\000i\000n\000a\000l\000\040\000s\000h\000e\000e\000t\000\040\000m\000u\000s\000i\000c}{subsection.13.3}% 35
\BOOKMARK [1][-]{section.14}{\376\377\000R\000e\000s\000u\000l\000t\000s}{}% 36
\BOOKMARK [1][-]{section.15}{\376\377\000C\000o\000n\000c\000l\000u\000s\000i\000o\000n}{}% 37
\BOOKMARK [1][-]{section.16}{\376\377\000P\000o\000s\000s\000i\000b\000l\000e\000\040\000I\000m\000p\000r\000o\000v\000e\000m\000e\000n\000t\000s}{}% 38
\BOOKMARK [1][-]{section.17}{\376\377\000R\000e\000f\000e\000r\000e\000n\000c\000e\000s}{}% 39
