This is pdfTeX, Version 3.141592653-2.6-1.40.25 (MiKTeX 23.5) (preloaded format=pdflatex 2023.7.1)  31 MAY 2024 14:55
entering extended mode
 restricted \write18 enabled.
 file:line:error style messages enabled.
 %&-line parsing enabled.
**c:/Users/Michal/Desktop/MP3_to_notes/documentation/raport/index.tex
(c:/Users/Michal/Desktop/MP3_to_notes/documentation/raport/index.tex
LaTeX2e <2022-06-01> patch level 5
L3 programming layer <2022-09-28> (C:\Users\Michal\AppData\Local\Programs\MiKTeX\tex/latex/base\article.cls
Document Class: article 2021/10/04 v1.4n Standard LaTeX document class
(C:\Users\Michal\AppData\Local\Programs\MiKTeX\tex/latex/base\size10.clo
File: size10.clo 2021/10/04 v1.4n Standard LaTeX file (size option)
)
\c@part=\count185
\c@section=\count186
\c@subsection=\count187
\c@subsubsection=\count188
\c@paragraph=\count189
\c@subparagraph=\count190
\c@figure=\count191
\c@table=\count192
\abovecaptionskip=\skip47
\belowcaptionskip=\skip48
\bibindent=\dimen138
) (C:\Users\Michal\AppData\Local\Programs\MiKTeX\tex/latex/geometry\geometry.sty
Package: geometry 2020/01/02 v5.9 Page Geometry
 (C:\Users\Michal\AppData\Local\Programs\MiKTeX\tex/latex/graphics\keyval.sty
Package: keyval 2022/05/29 v1.15 key=value parser (DPC)
\KV@toks@=\toks16
) (C:\Users\Michal\AppData\Local\Programs\MiKTeX\tex/generic/iftex\ifvtex.sty
Package: ifvtex 2019/10/25 v1.7 ifvtex legacy package. Use iftex instead.
 (C:\Users\Michal\AppData\Local\Programs\MiKTeX\tex/generic/iftex\iftex.sty
Package: iftex 2022/02/03 v1.0f TeX engine tests
))
\Gm@cnth=\count193
\Gm@cntv=\count194
\c@Gm@tempcnt=\count195
\Gm@bindingoffset=\dimen139
\Gm@wd@mp=\dimen140
\Gm@odd@mp=\dimen141
\Gm@even@mp=\dimen142
\Gm@layoutwidth=\dimen143
\Gm@layoutheight=\dimen144
\Gm@layouthoffset=\dimen145
\Gm@layoutvoffset=\dimen146
\Gm@dimlist=\toks17
 (C:\Users\Michal\AppData\Local\Programs\MiKTeX\tex/latex/geometry\geometry.cfg)) (C:\Users\Michal\AppData\Local\Programs\MiKTeX\tex/latex/amsmath\amsmath.sty
Package: amsmath 2022/04/08 v2.17n AMS math features
\@mathmargin=\skip49

For additional information on amsmath, use the `?' option.
(C:\Users\Michal\AppData\Local\Programs\MiKTeX\tex/latex/amsmath\amstext.sty
Package: amstext 2021/08/26 v2.01 AMS text
 (C:\Users\Michal\AppData\Local\Programs\MiKTeX\tex/latex/amsmath\amsgen.sty
File: amsgen.sty 1999/11/30 v2.0 generic functions
\@emptytoks=\toks18
\ex@=\dimen147
)) (C:\Users\Michal\AppData\Local\Programs\MiKTeX\tex/latex/amsmath\amsbsy.sty
Package: amsbsy 1999/11/29 v1.2d Bold Symbols
\pmbraise@=\dimen148
) (C:\Users\Michal\AppData\Local\Programs\MiKTeX\tex/latex/amsmath\amsopn.sty
Package: amsopn 2022/04/08 v2.04 operator names
)
\inf@bad=\count196
LaTeX Info: Redefining \frac on input line 234.
\uproot@=\count197
\leftroot@=\count198
LaTeX Info: Redefining \overline on input line 399.
LaTeX Info: Redefining \colon on input line 410.
\classnum@=\count199
\DOTSCASE@=\count266
LaTeX Info: Redefining \ldots on input line 496.
LaTeX Info: Redefining \dots on input line 499.
LaTeX Info: Redefining \cdots on input line 620.
\Mathstrutbox@=\box51
\strutbox@=\box52
LaTeX Info: Redefining \big on input line 722.
LaTeX Info: Redefining \Big on input line 723.
LaTeX Info: Redefining \bigg on input line 724.
LaTeX Info: Redefining \Bigg on input line 725.
\big@size=\dimen149
LaTeX Font Info:    Redeclaring font encoding OML on input line 743.
LaTeX Font Info:    Redeclaring font encoding OMS on input line 744.
\macc@depth=\count267
LaTeX Info: Redefining \bmod on input line 905.
LaTeX Info: Redefining \pmod on input line 910.
LaTeX Info: Redefining \smash on input line 940.
LaTeX Info: Redefining \relbar on input line 970.
LaTeX Info: Redefining \Relbar on input line 971.
\c@MaxMatrixCols=\count268
\dotsspace@=\muskip16
\c@parentequation=\count269
\dspbrk@lvl=\count270
\tag@help=\toks19
\row@=\count271
\column@=\count272
\maxfields@=\count273
\andhelp@=\toks20
\eqnshift@=\dimen150
\alignsep@=\dimen151
\tagshift@=\dimen152
\tagwidth@=\dimen153
\totwidth@=\dimen154
\lineht@=\dimen155
\@envbody=\toks21
\multlinegap=\skip50
\multlinetaggap=\skip51
\mathdisplay@stack=\toks22
LaTeX Info: Redefining \[ on input line 2953.
LaTeX Info: Redefining \] on input line 2954.
) (C:\Users\Michal\AppData\Local\Programs\MiKTeX\tex/latex/graphics\graphicx.sty
Package: graphicx 2021/09/16 v1.2d Enhanced LaTeX Graphics (DPC,SPQR)
 (C:\Users\Michal\AppData\Local\Programs\MiKTeX\tex/latex/graphics\graphics.sty
Package: graphics 2022/03/10 v1.4e Standard LaTeX Graphics (DPC,SPQR)
 (C:\Users\Michal\AppData\Local\Programs\MiKTeX\tex/latex/graphics\trig.sty
Package: trig 2021/08/11 v1.11 sin cos tan (DPC)
) (C:\Users\Michal\AppData\Local\Programs\MiKTeX\tex/latex/graphics-cfg\graphics.cfg
File: graphics.cfg 2016/06/04 v1.11 sample graphics configuration
)
Package graphics Info: Driver file: pdftex.def on input line 107.
 (C:\Users\Michal\AppData\Local\Programs\MiKTeX\tex/latex/graphics-def\pdftex.def
File: pdftex.def 2022/09/22 v1.2b Graphics/color driver for pdftex
\stockwidth=\dimen156
\stockheight=\dimen157
))
\Gin@req@height=\dimen158
\Gin@req@width=\dimen159
) (C:\Users\Michal\AppData\Local\Programs\MiKTeX\tex/latex/hyperref\hyperref.sty
Package: hyperref 2022-09-22 v7.00t Hypertext links for LaTeX
 (C:\Users\Michal\AppData\Local\Programs\MiKTeX\tex/generic/ltxcmds\ltxcmds.sty
Package: ltxcmds 2020-05-10 v1.25 LaTeX kernel commands for general use (HO)
) (C:\Users\Michal\AppData\Local\Programs\MiKTeX\tex/generic/pdftexcmds\pdftexcmds.sty
Package: pdftexcmds 2020-06-27 v0.33 Utility functions of pdfTeX for LuaTeX (HO)
 (C:\Users\Michal\AppData\Local\Programs\MiKTeX\tex/generic/infwarerr\infwarerr.sty
Package: infwarerr 2019/12/03 v1.5 Providing info/warning/error messages (HO)
)
Package pdftexcmds Info: \pdf@primitive is available.
Package pdftexcmds Info: \pdf@ifprimitive is available.
Package pdftexcmds Info: \pdfdraftmode found.
) (C:\Users\Michal\AppData\Local\Programs\MiKTeX\tex/latex/kvsetkeys\kvsetkeys.sty
Package: kvsetkeys 2022-10-05 v1.19 Key value parser (HO)
) (C:\Users\Michal\AppData\Local\Programs\MiKTeX\tex/generic/kvdefinekeys\kvdefinekeys.sty
Package: kvdefinekeys 2019-12-19 v1.6 Define keys (HO)
) (C:\Users\Michal\AppData\Local\Programs\MiKTeX\tex/generic/pdfescape\pdfescape.sty
Package: pdfescape 2019/12/09 v1.15 Implements pdfTeX's escape features (HO)
) (C:\Users\Michal\AppData\Local\Programs\MiKTeX\tex/latex/hycolor\hycolor.sty
Package: hycolor 2020-01-27 v1.10 Color options for hyperref/bookmark (HO)
) (C:\Users\Michal\AppData\Local\Programs\MiKTeX\tex/latex/letltxmacro\letltxmacro.sty
Package: letltxmacro 2019/12/03 v1.6 Let assignment for LaTeX macros (HO)
) (C:\Users\Michal\AppData\Local\Programs\MiKTeX\tex/latex/auxhook\auxhook.sty
Package: auxhook 2019-12-17 v1.6 Hooks for auxiliary files (HO)
) (C:\Users\Michal\AppData\Local\Programs\MiKTeX\tex/latex/hyperref\nameref.sty
Package: nameref 2022-05-17 v2.50 Cross-referencing by name of section
 (C:\Users\Michal\AppData\Local\Programs\MiKTeX\tex/latex/refcount\refcount.sty
Package: refcount 2019/12/15 v3.6 Data extraction from label references (HO)
) (C:\Users\Michal\AppData\Local\Programs\MiKTeX\tex/generic/gettitlestring\gettitlestring.sty
Package: gettitlestring 2019/12/15 v1.6 Cleanup title references (HO)
 (C:\Users\Michal\AppData\Local\Programs\MiKTeX\tex/latex/kvoptions\kvoptions.sty
Package: kvoptions 2022-06-15 v3.15 Key value format for package options (HO)
))
\c@section@level=\count274
)
\@linkdim=\dimen160
\Hy@linkcounter=\count275
\Hy@pagecounter=\count276
 (C:\Users\Michal\AppData\Local\Programs\MiKTeX\tex/latex/hyperref\pd1enc.def
File: pd1enc.def 2022-09-22 v7.00t Hyperref: PDFDocEncoding definition (HO)
Now handling font encoding PD1 ...
... no UTF-8 mapping file for font encoding PD1
) (C:\Users\Michal\AppData\Local\Programs\MiKTeX\tex/generic/intcalc\intcalc.sty
Package: intcalc 2019/12/15 v1.3 Expandable calculations with integers (HO)
) (C:\Users\Michal\AppData\Local\Programs\MiKTeX\tex/generic/etexcmds\etexcmds.sty
Package: etexcmds 2019/12/15 v1.7 Avoid name clashes with e-TeX commands (HO)
)
\Hy@SavedSpaceFactor=\count277
 (C:\Users\Michal\AppData\Local\Programs\MiKTeX\tex/latex/hyperref\puenc.def
File: puenc.def 2022-09-22 v7.00t Hyperref: PDF Unicode definition (HO)
Now handling font encoding PU ...
... no UTF-8 mapping file for font encoding PU
)
Package hyperref Info: Hyper figures OFF on input line 4162.
Package hyperref Info: Link nesting OFF on input line 4167.
Package hyperref Info: Hyper index ON on input line 4170.
Package hyperref Info: Plain pages OFF on input line 4177.
Package hyperref Info: Backreferencing OFF on input line 4182.
Package hyperref Info: Implicit mode ON; LaTeX internals redefined.
Package hyperref Info: Bookmarks ON on input line 4410.
\c@Hy@tempcnt=\count278
 (C:\Users\Michal\AppData\Local\Programs\MiKTeX\tex/latex/url\url.sty
\Urlmuskip=\muskip17
Package: url 2013/09/16  ver 3.4  Verb mode for urls, etc.
)
LaTeX Info: Redefining \url on input line 4748.
\XeTeXLinkMargin=\dimen161
 (C:\Users\Michal\AppData\Local\Programs\MiKTeX\tex/generic/bitset\bitset.sty
Package: bitset 2019/12/09 v1.3 Handle bit-vector datatype (HO)
 (C:\Users\Michal\AppData\Local\Programs\MiKTeX\tex/generic/bigintcalc\bigintcalc.sty
Package: bigintcalc 2019/12/15 v1.5 Expandable calculations on big integers (HO)
))
\Fld@menulength=\count279
\Field@Width=\dimen162
\Fld@charsize=\dimen163
Package hyperref Info: Hyper figures OFF on input line 6027.
Package hyperref Info: Link nesting OFF on input line 6032.
Package hyperref Info: Hyper index ON on input line 6035.
Package hyperref Info: backreferencing OFF on input line 6042.
Package hyperref Info: Link coloring OFF on input line 6047.
Package hyperref Info: Link coloring with OCG OFF on input line 6052.
Package hyperref Info: PDF/A mode OFF on input line 6057.
 (C:\Users\Michal\AppData\Local\Programs\MiKTeX\tex/latex/base\atbegshi-ltx.sty
Package: atbegshi-ltx 2021/01/10 v1.0c Emulation of the original atbegshi
package with kernel methods
)
\Hy@abspage=\count280
\c@Item=\count281
\c@Hfootnote=\count282
)
Package hyperref Info: Driver (autodetected): hpdftex.
 (C:\Users\Michal\AppData\Local\Programs\MiKTeX\tex/latex/hyperref\hpdftex.def
File: hpdftex.def 2022-09-22 v7.00t Hyperref driver for pdfTeX
 (C:\Users\Michal\AppData\Local\Programs\MiKTeX\tex/latex/base\atveryend-ltx.sty
Package: atveryend-ltx 2020/08/19 v1.0a Emulation of the original atveryend package
with kernel methods
)
\Fld@listcount=\count283
\c@bookmark@seq@number=\count284
 (C:\Users\Michal\AppData\Local\Programs\MiKTeX\tex/latex/rerunfilecheck\rerunfilecheck.sty
Package: rerunfilecheck 2022-07-10 v1.10 Rerun checks for auxiliary files (HO)
 (C:\Users\Michal\AppData\Local\Programs\MiKTeX\tex/generic/uniquecounter\uniquecounter.sty
Package: uniquecounter 2019/12/15 v1.4 Provide unlimited unique counter (HO)
)
Package uniquecounter Info: New unique counter `rerunfilecheck' on input line 285.
)
\Hy@SectionHShift=\skip52
) (C:\Users\Michal\AppData\Local\Programs\MiKTeX\tex/latex/float\float.sty
Package: float 2001/11/08 v1.3d Float enhancements (AL)
\c@float@type=\count285
\float@exts=\toks23
\float@box=\box53
\@float@everytoks=\toks24
\@floatcapt=\box54
) (C:\Users\Michal\AppData\Local\Programs\MiKTeX\tex/latex/placeins\placeins.sty
Package: placeins 2005/04/18  v 2.2
) (C:\Users\Michal\AppData\Local\Programs\MiKTeX\tex/latex/adjustbox\adjustbox.sty
Package: adjustbox 2022/10/17 v1.3a Adjusting TeX boxes (trim, clip, ...)
 (C:\Users\Michal\AppData\Local\Programs\MiKTeX\tex/latex/xkeyval\xkeyval.sty
Package: xkeyval 2022/06/16 v2.9 package option processing (HA)
 (C:\Users\Michal\AppData\Local\Programs\MiKTeX\tex/generic/xkeyval\xkeyval.tex (C:\Users\Michal\AppData\Local\Programs\MiKTeX\tex/generic/xkeyval\xkvutils.tex
\XKV@toks=\toks25
\XKV@tempa@toks=\toks26
)
\XKV@depth=\count286
File: xkeyval.tex 2014/12/03 v2.7a key=value parser (HA)
)) (C:\Users\Michal\AppData\Local\Programs\MiKTeX\tex/latex/adjustbox\adjcalc.sty
Package: adjcalc 2012/05/16 v1.1 Provides advanced setlength with multiple back-ends (calc, etex, pgfmath)
) (C:\Users\Michal\AppData\Local\Programs\MiKTeX\tex/latex/adjustbox\trimclip.sty
Package: trimclip 2020/08/19 v1.2 Trim and clip general TeX material
 (C:\Users\Michal\AppData\Local\Programs\MiKTeX\tex/latex/collectbox\collectbox.sty
Package: collectbox 2022/10/17 v0.4c Collect macro arguments as boxes
\collectedbox=\box55
)
\tc@llx=\dimen164
\tc@lly=\dimen165
\tc@urx=\dimen166
\tc@ury=\dimen167
Package trimclip Info: Using driver 'tc-pdftex.def'.
 (C:\Users\Michal\AppData\Local\Programs\MiKTeX\tex/latex/adjustbox\tc-pdftex.def
File: tc-pdftex.def 2019/01/04 v2.2 Clipping driver for pdftex
))
\adjbox@Width=\dimen168
\adjbox@Height=\dimen169
\adjbox@Depth=\dimen170
\adjbox@Totalheight=\dimen171
\adjbox@pwidth=\dimen172
\adjbox@pheight=\dimen173
\adjbox@pdepth=\dimen174
\adjbox@ptotalheight=\dimen175
 (C:\Users\Michal\AppData\Local\Programs\MiKTeX\tex/latex/ifoddpage\ifoddpage.sty
Package: ifoddpage 2022/10/18 v1.2 Conditionals for odd/even page detection
\c@checkoddpage=\count287
) (C:\Users\Michal\AppData\Local\Programs\MiKTeX\tex/latex/varwidth\varwidth.sty
Package: varwidth 2009/03/30 ver 0.92;  Variable-width minipages
\@vwid@box=\box56
\sift@deathcycles=\count288
\@vwid@loff=\dimen176
\@vwid@roff=\dimen177
)) (C:\Users\Michal\AppData\Local\Programs\MiKTeX\tex/latex/pdfpages\pdfpages.sty
Package: pdfpages 2024/01/21 v0.5y Insert pages of external PDF documents (AM)
 (C:\Users\Michal\AppData\Local\Programs\MiKTeX\tex/latex/base\ifthen.sty
Package: ifthen 2022/04/13 v1.1d Standard LaTeX ifthen package (DPC)
) (C:\Users\Michal\AppData\Local\Programs\MiKTeX\tex/latex/tools\calc.sty
Package: calc 2017/05/25 v4.3 Infix arithmetic (KKT,FJ)
\calc@Acount=\count289
\calc@Bcount=\count290
\calc@Adimen=\dimen178
\calc@Bdimen=\dimen179
\calc@Askip=\skip53
\calc@Bskip=\skip54
LaTeX Info: Redefining \setlength on input line 80.
LaTeX Info: Redefining \addtolength on input line 81.
\calc@Ccount=\count291
\calc@Cskip=\skip55
) (C:\Users\Michal\AppData\Local\Programs\MiKTeX\tex/latex/eso-pic\eso-pic.sty
Package: eso-pic 2023/05/03 v3.0c eso-pic (RN)
\ESO@tempdima=\dimen180
\ESO@tempdimb=\dimen181
 (C:\Users\Michal\AppData\Local\Programs\MiKTeX\tex/latex/xcolor\xcolor.sty
Package: xcolor 2022/06/12 v2.14 LaTeX color extensions (UK)
 (C:\Users\Michal\AppData\Local\Programs\MiKTeX\tex/latex/graphics-cfg\color.cfg
File: color.cfg 2016/01/02 v1.6 sample color configuration
)
Package xcolor Info: Driver file: pdftex.def on input line 227.
 (C:\Users\Michal\AppData\Local\Programs\MiKTeX\tex/latex/graphics\mathcolor.ltx)
Package xcolor Info: Model `cmy' substituted by `cmy0' on input line 1353.
Package xcolor Info: Model `hsb' substituted by `rgb' on input line 1357.
Package xcolor Info: Model `RGB' extended on input line 1369.
Package xcolor Info: Model `HTML' substituted by `rgb' on input line 1371.
Package xcolor Info: Model `Hsb' substituted by `hsb' on input line 1372.
Package xcolor Info: Model `tHsb' substituted by `hsb' on input line 1373.
Package xcolor Info: Model `HSB' substituted by `hsb' on input line 1374.
Package xcolor Info: Model `Gray' substituted by `gray' on input line 1375.
Package xcolor Info: Model `wave' substituted by `hsb' on input line 1376.
))
\AM@pagewidth=\dimen182
\AM@pageheight=\dimen183
\AM@fboxrule=\dimen184
 (C:\Users\Michal\AppData\Local\Programs\MiKTeX\tex/latex/pdfpages\pppdftex.def
File: pppdftex.def 2024/01/21 v0.5y Pdfpages driver for pdfTeX (AM)
)
\pdfpages@includegraphics@status=\count292
\AM@pagebox=\box57
\AM@global@opts=\toks27
\AM@pagecnt=\count293
\AM@toc@title=\toks28
\AM@lof@heading=\toks29
\c@AM@survey=\count294
\AM@templatesizebox=\box58
) (C:\Users\Michal\AppData\Local\Programs\MiKTeX\tex/latex/parskip\parskip.sty
Package: parskip 2021-03-14 v2.0h non-zero parskip adjustments
 (C:\Users\Michal\AppData\Local\Programs\MiKTeX\tex/latex/etoolbox\etoolbox.sty
Package: etoolbox 2020/10/05 v2.5k e-TeX tools for LaTeX (JAW)
\etb@tempcnta=\count295
)) (C:\Users\Michal\AppData\Local\Programs\MiKTeX\tex/latex/tools\indentfirst.sty
Package: indentfirst 1995/11/23 v1.03 Indent first paragraph (DPC)
) (C:\Users\Michal\AppData\Local\Programs\MiKTeX\tex/latex/l3backend\l3backend-pdftex.def
File: l3backend-pdftex.def 2022-09-28 L3 backend support: PDF output (pdfTeX)
\l__color_backend_stack_int=\count296
\l__pdf_internal_box=\box59
) (index.aux)
\openout1 = `index.aux'.

LaTeX Font Info:    Checking defaults for OML/cmm/m/it on input line 19.
LaTeX Font Info:    ... okay on input line 19.
LaTeX Font Info:    Checking defaults for OMS/cmsy/m/n on input line 19.
LaTeX Font Info:    ... okay on input line 19.
LaTeX Font Info:    Checking defaults for OT1/cmr/m/n on input line 19.
LaTeX Font Info:    ... okay on input line 19.
LaTeX Font Info:    Checking defaults for T1/cmr/m/n on input line 19.
LaTeX Font Info:    ... okay on input line 19.
LaTeX Font Info:    Checking defaults for TS1/cmr/m/n on input line 19.
LaTeX Font Info:    ... okay on input line 19.
LaTeX Font Info:    Checking defaults for OMX/cmex/m/n on input line 19.
LaTeX Font Info:    ... okay on input line 19.
LaTeX Font Info:    Checking defaults for U/cmr/m/n on input line 19.
LaTeX Font Info:    ... okay on input line 19.
LaTeX Font Info:    Checking defaults for PD1/pdf/m/n on input line 19.
LaTeX Font Info:    ... okay on input line 19.
LaTeX Font Info:    Checking defaults for PU/pdf/m/n on input line 19.
LaTeX Font Info:    ... okay on input line 19.

*geometry* driver: auto-detecting
*geometry* detected driver: pdftex
*geometry* verbose mode - [ preamble ] result:
* driver: pdftex
* paper: <default>
* layout: <same size as paper>
* layoutoffset:(h,v)=(0.0pt,0.0pt)
* modes: 
* h-part:(L,W,R)=(92.14519pt, 430.00462pt, 92.14519pt)
* v-part:(T,H,B)=(95.39737pt, 556.47656pt, 143.09605pt)
* \paperwidth=614.295pt
* \paperheight=794.96999pt
* \textwidth=430.00462pt
* \textheight=556.47656pt
* \oddsidemargin=19.8752pt
* \evensidemargin=19.8752pt
* \topmargin=-13.87262pt
* \headheight=12.0pt
* \headsep=25.0pt
* \topskip=10.0pt
* \footskip=30.0pt
* \marginparwidth=65.0pt
* \marginparsep=11.0pt
* \columnsep=10.0pt
* \skip\footins=9.0pt plus 4.0pt minus 2.0pt
* \hoffset=0.0pt
* \voffset=0.0pt
* \mag=1000
* \@twocolumnfalse
* \@twosidefalse
* \@mparswitchfalse
* \@reversemarginfalse
* (1in=72.27pt=25.4mm, 1cm=28.453pt)

(C:\Users\Michal\AppData\Local\Programs\MiKTeX\tex/context/base/mkii\supp-pdf.mkii
[Loading MPS to PDF converter (version 2006.09.02).]
\scratchcounter=\count297
\scratchdimen=\dimen185
\scratchbox=\box60
\nofMPsegments=\count298
\nofMParguments=\count299
\everyMPshowfont=\toks30
\MPscratchCnt=\count300
\MPscratchDim=\dimen186
\MPnumerator=\count301
\makeMPintoPDFobject=\count302
\everyMPtoPDFconversion=\toks31
) (C:\Users\Michal\AppData\Local\Programs\MiKTeX\tex/latex/epstopdf-pkg\epstopdf-base.sty
Package: epstopdf-base 2020-01-24 v2.11 Base part for package epstopdf
Package epstopdf-base Info: Redefining graphics rule for `.eps' on input line 485.
 (C:\Users\Michal\AppData\Local\Programs\MiKTeX\tex/latex/00miktex\epstopdf-sys.cfg
File: epstopdf-sys.cfg 2021/03/18 v2.0 Configuration of epstopdf for MiKTeX
))
Package hyperref Info: Link coloring OFF on input line 19.
 (index.out) (index.out)
\@outlinefile=\write3
\openout3 = `index.out'.

 (C:\Users\Michal\AppData\Local\Programs\MiKTeX\tex/latex/pdflscape\pdflscape.sty
Package: pdflscape 2022-10-27 v0.13 Display of landscape pages in PDF
 (C:\Users\Michal\AppData\Local\Programs\MiKTeX\tex/latex/pdflscape\pdflscape-nometadata.sty
Package: pdflscape-nometadata 2022-10-28 v0.13 Display of landscape pages in PDF (HO)
 (C:\Users\Michal\AppData\Local\Programs\MiKTeX\tex/latex/graphics\lscape.sty
Package: lscape 2020/05/28 v3.02 Landscape Pages (DPC)
)
Package pdflscape Info: Auto-detected driver: pdftex on input line 81.
)) [1

{C:/Users/Michal/AppData/Local/MiKTeX/fonts/map/pdftex/pdftex.map}] (index.toc)
\tf@toc=\write4
\openout4 = `index.toc'.


pdfTeX warning (ext4): destination with the same identifier (name{page.1}) has been already used, duplicate ignored
<to be read again> 
                   \relax 
l.38 \clearpage
                % Start a new page after the ToC [1

]
Overfull \hbox (70.17699pt too wide) in paragraph at lines 67--68
[]\OT1/cmr/bx/n/10 Piano Tran-scrip-tion In-fer-ence: \OT1/cmr/m/n/10 A li-brary for tran-scrib-ing pi-ano mu-sic, used in \OT1/cmtt/m/n/10 transcription[]worker.py\OT1/cmr/m/n/10 . 
 []


Overfull \hbox (15.00436pt too wide) in paragraph at lines 69--70
[]\OT1/cmr/bx/n/10 MuseScore: \OT1/cmr/m/n/10 A soft-ware for cre-at-ing, play-ing, and print-ing sheet mu-sic, used in \OT1/cmtt/m/n/10 generate[]pdf.py
 []

[2

] [3] [4

]
<../diagrams/use_case.png, id=195, 710.655pt x 554.07pt>
File: ../diagrams/use_case.png Graphic file (type png)
<use ../diagrams/use_case.png>
Package pdftex.def Info: ../diagrams/use_case.png  used on input line 147.
(pdftex.def)             Requested size: 430.00462pt x 335.26834pt.
 [5


pdfTeX warning (ext4): destination with the same identifier (name{figure.1}) has been already used, duplicate ignored
<argument> ...shipout:D \box_use:N \l_shipout_box 
                                                  \__shipout_drop_firstpage_...
l.153 \clearpage
                 <../diagrams/use_case.png>]
<../diagrams/system_architecture.png, id=203, 888.31876pt x 559.08875pt>
File: ../diagrams/system_architecture.png Graphic file (type png)
<use ../diagrams/system_architecture.png>
Package pdftex.def Info: ../diagrams/system_architecture.png  used on input line 157.
(pdftex.def)             Requested size: 430.00462pt x 270.62878pt.
 [6


pdfTeX warning (ext4): destination with the same identifier (name{figure.2}) has been already used, duplicate ignored
<argument> ...shipout:D \box_use:N \l_shipout_box 
                                                  \__shipout_drop_firstpage_...
l.163 \clearpage
                 <../diagrams/system_architecture.png>]
<../diagrams/class_diagram.png, id=211, 888.31876pt x 559.08875pt>
File: ../diagrams/class_diagram.png Graphic file (type png)
<use ../diagrams/class_diagram.png>
Package pdftex.def Info: ../diagrams/class_diagram.png  used on input line 168.
(pdftex.def)             Requested size: 430.00462pt x 270.62878pt.
 [7


pdfTeX warning (ext4): destination with the same identifier (name{figure.3}) has been already used, duplicate ignored
<argument> ...shipout:D \box_use:N \l_shipout_box 
                                                  \__shipout_drop_firstpage_...
l.174 \clearpage
                 <../diagrams/class_diagram.png>]
<../diagrams/transcription_seq.png, id=218, 888.31876pt x 559.08875pt>
File: ../diagrams/transcription_seq.png Graphic file (type png)
<use ../diagrams/transcription_seq.png>
Package pdftex.def Info: ../diagrams/transcription_seq.png  used on input line 180.
(pdftex.def)             Requested size: 430.00462pt x 270.62878pt.
<../diagrams/audio_seq.png, id=219, 888.31876pt x 559.08875pt>
File: ../diagrams/audio_seq.png Graphic file (type png)
<use ../diagrams/audio_seq.png>
Package pdftex.def Info: ../diagrams/audio_seq.png  used on input line 187.
(pdftex.def)             Requested size: 430.00462pt x 270.62878pt.
<../diagrams/load_audio_seq.png, id=220, 888.31876pt x 559.08875pt>
File: ../diagrams/load_audio_seq.png Graphic file (type png)
<use ../diagrams/load_audio_seq.png>
Package pdftex.def Info: ../diagrams/load_audio_seq.png  used on input line 194.
(pdftex.def)             Requested size: 430.00462pt x 270.62878pt.
<../diagrams/save_midi_seq.png, id=221, 888.31876pt x 559.08875pt>
File: ../diagrams/save_midi_seq.png Graphic file (type png)
<use ../diagrams/save_midi_seq.png>
Package pdftex.def Info: ../diagrams/save_midi_seq.png  used on input line 201.
(pdftex.def)             Requested size: 430.00462pt x 270.62878pt.
<../diagrams/save_pdf_seq.png, id=222, 888.31876pt x 559.08875pt>
File: ../diagrams/save_pdf_seq.png Graphic file (type png)
<use ../diagrams/save_pdf_seq.png>
Package pdftex.def Info: ../diagrams/save_pdf_seq.png  used on input line 208.
(pdftex.def)             Requested size: 430.00462pt x 270.62878pt.
 [8


pdfTeX warning (ext4): destination with the same identifier (name{figure.4}) has been already used, duplicate ignored
<argument> ...shipout:D \box_use:N \l_shipout_box 
                                                  \__shipout_drop_firstpage_...
l.213 \FloatBarrier
                    <../diagrams/transcription_seq.png>] [9
pdfTeX warning (ext4): destination with the same identifier (name{figure.5}) has been already used, duplicate ignored
<argument> ...shipout:D \box_use:N \l_shipout_box 
                                                  \__shipout_drop_firstpage_...
l.213 \FloatBarrier
                    <../diagrams/audio_seq.png>] [10
pdfTeX warning (ext4): destination with the same identifier (name{figure.6}) has been already used, duplicate ignored
<argument> ...shipout:D \box_use:N \l_shipout_box 
                                                  \__shipout_drop_firstpage_...
l.213 \FloatBarrier
                    <../diagrams/load_audio_seq.png>] [11
pdfTeX warning (ext4): destination with the same identifier (name{figure.7}) has been already used, duplicate ignored
<argument> ...shipout:D \box_use:N \l_shipout_box 
                                                  \__shipout_drop_firstpage_...
l.213 \FloatBarrier
                    <../diagrams/save_midi_seq.png>] [12
pdfTeX warning (ext4): destination with the same identifier (name{figure.8}) has been already used, duplicate ignored
<argument> ...shipout:D \box_use:N \l_shipout_box 
                                                  \__shipout_drop_firstpage_...
l.213 \FloatBarrier
                    <../diagrams/save_pdf_seq.png>]
<../diagrams/ai_architecture.png, id=254, 888.31876pt x 559.08875pt>
File: ../diagrams/ai_architecture.png Graphic file (type png)
<use ../diagrams/ai_architecture.png>
Package pdftex.def Info: ../diagrams/ai_architecture.png  used on input line 219.
(pdftex.def)             Requested size: 430.00462pt x 270.62878pt.
 [13


pdfTeX warning (ext4): destination with the same identifier (name{figure.9}) has been already used, duplicate ignored
<argument> ...shipout:D \box_use:N \l_shipout_box 
                                                  \__shipout_drop_firstpage_...
l.229 \clearpage
                 <../diagrams/ai_architecture.png>] [14

]
<../gen_notes/chopin.pdf, id=273, 597.23137pt x 845.1575pt>
File: ../gen_notes/chopin.pdf Graphic file (type pdf)
<use ../gen_notes/chopin.pdf>
Package pdftex.def Info: ../gen_notes/chopin.pdf  used on input line 261.
(pdftex.def)             Requested size: 597.2299pt x 845.15544pt.
File: ../gen_notes/chopin.pdf Graphic file (type pdf)
<use ../gen_notes/chopin.pdf>
Package pdftex.def Info: ../gen_notes/chopin.pdf  used on input line 261.
(pdftex.def)             Requested size: 597.2299pt x 845.15544pt.
<../gen_notes/chopin.pdf, id=276, page=1, 597.23137pt x 845.1575pt>
File: ../gen_notes/chopin.pdf Graphic file (type pdf)
<use ../gen_notes/chopin.pdf, page 1>
Package pdftex.def Info: ../gen_notes/chopin.pdf , page1 used on input line 261.
(pdftex.def)             Requested size: 597.2299pt x 845.15544pt.
File: ../gen_notes/chopin.pdf Graphic file (type pdf)
<use ../gen_notes/chopin.pdf, page 1>
Package pdftex.def Info: ../gen_notes/chopin.pdf , page1 used on input line 261.
(pdftex.def)             Requested size: 561.86232pt x 795.10587pt.
File: ../gen_notes/chopin.pdf Graphic file (type pdf)
<use ../gen_notes/chopin.pdf, page 1>
Package pdftex.def Info: ../gen_notes/chopin.pdf , page1 used on input line 261.
(pdftex.def)             Requested size: 561.86232pt x 795.10587pt.
File: ../gen_notes/chopin.pdf Graphic file (type pdf)
<use ../gen_notes/chopin.pdf, page 1>
Package pdftex.def Info: ../gen_notes/chopin.pdf , page1 used on input line 261.
(pdftex.def)             Requested size: 561.86232pt x 795.10587pt.
File: ../gen_notes/chopin.pdf Graphic file (type pdf)
<use ../gen_notes/chopin.pdf, page 1>
Package pdftex.def Info: ../gen_notes/chopin.pdf , page1 used on input line 264.
(pdftex.def)             Requested size: 561.86232pt x 795.10587pt.
 [15


 <../gen_notes/chopin.pdf>]

pdfTeX warning: pdflatex (file ../gen_notes/Chopin_Op.10.pdf): PDF inclusion: found PDF version <1.6>, but at most version <1.5> allowed
<../gen_notes/Chopin_Op.10.pdf, id=322, 481.43866pt x 649.94823pt>
File: ../gen_notes/Chopin_Op.10.pdf Graphic file (type pdf)
<use ../gen_notes/Chopin_Op.10.pdf>
Package pdftex.def Info: ../gen_notes/Chopin_Op.10.pdf  used on input line 267.
(pdftex.def)             Requested size: 481.43748pt x 649.94664pt.


pdfTeX warning: pdflatex (file ../gen_notes/Chopin_Op.10.pdf): PDF inclusion: found PDF version <1.6>, but at most version <1.5> allowed
File: ../gen_notes/Chopin_Op.10.pdf Graphic file (type pdf)
<use ../gen_notes/Chopin_Op.10.pdf>
Package pdftex.def Info: ../gen_notes/Chopin_Op.10.pdf  used on input line 267.
(pdftex.def)             Requested size: 481.43748pt x 649.94664pt.


pdfTeX warning: pdflatex (file ../gen_notes/Chopin_Op.10.pdf): PDF inclusion: found PDF version <1.6>, but at most version <1.5> allowed


pdfTeX warning: pdflatex (file ../gen_notes/Chopin_Op.10.pdf): PDF inclusion: found PDF version <1.6>, but at most version <1.5> allowed
<../gen_notes/Chopin_Op.10.pdf, id=325, page=22, 481.43866pt x 649.82777pt>
File: ../gen_notes/Chopin_Op.10.pdf Graphic file (type pdf)
<use ../gen_notes/Chopin_Op.10.pdf, page 22>
Package pdftex.def Info: ../gen_notes/Chopin_Op.10.pdf , page22 used on input line 267.
(pdftex.def)             Requested size: 481.43748pt x 649.82619pt.
File: ../gen_notes/Chopin_Op.10.pdf Graphic file (type pdf)
<use ../gen_notes/Chopin_Op.10.pdf, page 22>
Package pdftex.def Info: ../gen_notes/Chopin_Op.10.pdf , page22 used on input line 267.
(pdftex.def)             Requested size: 589.71977pt x 795.98154pt.
File: ../gen_notes/Chopin_Op.10.pdf Graphic file (type pdf)
<use ../gen_notes/Chopin_Op.10.pdf, page 22>
Package pdftex.def Info: ../gen_notes/Chopin_Op.10.pdf , page22 used on input line 267.
(pdftex.def)             Requested size: 589.71977pt x 795.98154pt.
File: ../gen_notes/Chopin_Op.10.pdf Graphic file (type pdf)
<use ../gen_notes/Chopin_Op.10.pdf, page 22>
Package pdftex.def Info: ../gen_notes/Chopin_Op.10.pdf , page22 used on input line 267.
(pdftex.def)             Requested size: 589.71977pt x 795.98154pt.
File: ../gen_notes/Chopin_Op.10.pdf Graphic file (type pdf)
<use ../gen_notes/Chopin_Op.10.pdf, page 22>
Package pdftex.def Info: ../gen_notes/Chopin_Op.10.pdf , page22 used on input line 270.
(pdftex.def)             Requested size: 589.71977pt x 795.98154pt.
[16


 <../gen_notes/Chopin_Op.10.pdf>]
<../gen_notes/waldstein.pdf, id=332, 597.23137pt x 845.1575pt>
File: ../gen_notes/waldstein.pdf Graphic file (type pdf)
<use ../gen_notes/waldstein.pdf>
Package pdftex.def Info: ../gen_notes/waldstein.pdf  used on input line 273.
(pdftex.def)             Requested size: 597.2299pt x 845.15544pt.
File: ../gen_notes/waldstein.pdf Graphic file (type pdf)
<use ../gen_notes/waldstein.pdf>
Package pdftex.def Info: ../gen_notes/waldstein.pdf  used on input line 273.
(pdftex.def)             Requested size: 597.2299pt x 845.15544pt.
<../gen_notes/waldstein.pdf, id=335, page=1, 597.23137pt x 845.1575pt>
File: ../gen_notes/waldstein.pdf Graphic file (type pdf)
<use ../gen_notes/waldstein.pdf, page 1>
Package pdftex.def Info: ../gen_notes/waldstein.pdf , page1 used on input line 273.
(pdftex.def)             Requested size: 597.2299pt x 845.15544pt.
File: ../gen_notes/waldstein.pdf Graphic file (type pdf)
<use ../gen_notes/waldstein.pdf, page 1>
Package pdftex.def Info: ../gen_notes/waldstein.pdf , page1 used on input line 273.
(pdftex.def)             Requested size: 561.86232pt x 795.10587pt.
File: ../gen_notes/waldstein.pdf Graphic file (type pdf)
<use ../gen_notes/waldstein.pdf, page 1>
Package pdftex.def Info: ../gen_notes/waldstein.pdf , page1 used on input line 273.
(pdftex.def)             Requested size: 561.86232pt x 795.10587pt.
File: ../gen_notes/waldstein.pdf Graphic file (type pdf)
<use ../gen_notes/waldstein.pdf, page 1>
Package pdftex.def Info: ../gen_notes/waldstein.pdf , page1 used on input line 273.
(pdftex.def)             Requested size: 561.86232pt x 795.10587pt.
File: ../gen_notes/waldstein.pdf Graphic file (type pdf)
<use ../gen_notes/waldstein.pdf, page 1>
Package pdftex.def Info: ../gen_notes/waldstein.pdf , page1 used on input line 276.
(pdftex.def)             Requested size: 561.86232pt x 795.10587pt.
 [17


 <../gen_notes/waldstein.pdf>]
<../gen_notes/waldstein-1st-movement.pdf, id=381, 741.30951pt x 940.0199pt>
File: ../gen_notes/waldstein-1st-movement.pdf Graphic file (type pdf)
<use ../gen_notes/waldstein-1st-movement.pdf>
Package pdftex.def Info: ../gen_notes/waldstein-1st-movement.pdf  used on input line 279.
(pdftex.def)             Requested size: 741.30771pt x 940.01761pt.
File: ../gen_notes/waldstein-1st-movement.pdf Graphic file (type pdf)
<use ../gen_notes/waldstein-1st-movement.pdf>
Package pdftex.def Info: ../gen_notes/waldstein-1st-movement.pdf  used on input line 279.
(pdftex.def)             Requested size: 741.30771pt x 940.01761pt.
<../gen_notes/waldstein-1st-movement.pdf, id=384, page=3, 741.45108pt x 940.29094pt>
File: ../gen_notes/waldstein-1st-movement.pdf Graphic file (type pdf)
<use ../gen_notes/waldstein-1st-movement.pdf, page 3>
Package pdftex.def Info: ../gen_notes/waldstein-1st-movement.pdf , page3 used on input line 279.
(pdftex.def)             Requested size: 741.44926pt x 940.28865pt.
File: ../gen_notes/waldstein-1st-movement.pdf Graphic file (type pdf)
<use ../gen_notes/waldstein-1st-movement.pdf, page 3>
Package pdftex.def Info: ../gen_notes/waldstein-1st-movement.pdf , page3 used on input line 279.
(pdftex.def)             Requested size: 614.65755pt x 779.49435pt.
File: ../gen_notes/waldstein-1st-movement.pdf Graphic file (type pdf)
<use ../gen_notes/waldstein-1st-movement.pdf, page 3>
Package pdftex.def Info: ../gen_notes/waldstein-1st-movement.pdf , page3 used on input line 279.
(pdftex.def)             Requested size: 614.65755pt x 779.49435pt.
File: ../gen_notes/waldstein-1st-movement.pdf Graphic file (type pdf)
<use ../gen_notes/waldstein-1st-movement.pdf, page 3>
Package pdftex.def Info: ../gen_notes/waldstein-1st-movement.pdf , page3 used on input line 279.
(pdftex.def)             Requested size: 614.65755pt x 779.49435pt.
File: ../gen_notes/waldstein-1st-movement.pdf Graphic file (type pdf)
<use ../gen_notes/waldstein-1st-movement.pdf, page 3>
Package pdftex.def Info: ../gen_notes/waldstein-1st-movement.pdf , page3 used on input line 282.
(pdftex.def)             Requested size: 614.65755pt x 779.49435pt.
 [18


 <../gen_notes/waldstein-1st-movement.pdf>]
<../gen_notes/Adagio-cantabile.pdf, id=393, 597.23137pt x 845.1575pt>
File: ../gen_notes/Adagio-cantabile.pdf Graphic file (type pdf)
<use ../gen_notes/Adagio-cantabile.pdf>
Package pdftex.def Info: ../gen_notes/Adagio-cantabile.pdf  used on input line 285.
(pdftex.def)             Requested size: 597.2299pt x 845.15544pt.
File: ../gen_notes/Adagio-cantabile.pdf Graphic file (type pdf)
<use ../gen_notes/Adagio-cantabile.pdf>
Package pdftex.def Info: ../gen_notes/Adagio-cantabile.pdf  used on input line 285.
(pdftex.def)             Requested size: 597.2299pt x 845.15544pt.
<../gen_notes/Adagio-cantabile.pdf, id=396, page=1, 597.23137pt x 845.1575pt>
File: ../gen_notes/Adagio-cantabile.pdf Graphic file (type pdf)
<use ../gen_notes/Adagio-cantabile.pdf, page 1>
Package pdftex.def Info: ../gen_notes/Adagio-cantabile.pdf , page1 used on input line 285.
(pdftex.def)             Requested size: 597.2299pt x 845.15544pt.
File: ../gen_notes/Adagio-cantabile.pdf Graphic file (type pdf)
<use ../gen_notes/Adagio-cantabile.pdf, page 1>
Package pdftex.def Info: ../gen_notes/Adagio-cantabile.pdf , page1 used on input line 285.
(pdftex.def)             Requested size: 561.86232pt x 795.10587pt.
File: ../gen_notes/Adagio-cantabile.pdf Graphic file (type pdf)
<use ../gen_notes/Adagio-cantabile.pdf, page 1>
Package pdftex.def Info: ../gen_notes/Adagio-cantabile.pdf , page1 used on input line 285.
(pdftex.def)             Requested size: 561.86232pt x 795.10587pt.
File: ../gen_notes/Adagio-cantabile.pdf Graphic file (type pdf)
<use ../gen_notes/Adagio-cantabile.pdf, page 1>
Package pdftex.def Info: ../gen_notes/Adagio-cantabile.pdf , page1 used on input line 285.
(pdftex.def)             Requested size: 561.86232pt x 795.10587pt.
File: ../gen_notes/Adagio-cantabile.pdf Graphic file (type pdf)
<use ../gen_notes/Adagio-cantabile.pdf, page 1>
Package pdftex.def Info: ../gen_notes/Adagio-cantabile.pdf , page1 used on input line 288.
(pdftex.def)             Requested size: 561.86232pt x 795.10587pt.
 [19


 <../gen_notes/Adagio-cantabile.pdf>]
<../gen_notes/Pathetique.pdf, id=436, 713.95535pt x 939.25305pt>
File: ../gen_notes/Pathetique.pdf Graphic file (type pdf)
<use ../gen_notes/Pathetique.pdf>
Package pdftex.def Info: ../gen_notes/Pathetique.pdf  used on input line 291.
(pdftex.def)             Requested size: 713.9536pt x 939.25076pt.
File: ../gen_notes/Pathetique.pdf Graphic file (type pdf)
<use ../gen_notes/Pathetique.pdf>
Package pdftex.def Info: ../gen_notes/Pathetique.pdf  used on input line 291.
(pdftex.def)             Requested size: 713.9536pt x 939.25076pt.
<../gen_notes/Pathetique.pdf, id=439, page=8, 715.21507pt x 941.05882pt>
File: ../gen_notes/Pathetique.pdf Graphic file (type pdf)
<use ../gen_notes/Pathetique.pdf, page 8>
Package pdftex.def Info: ../gen_notes/Pathetique.pdf , page8 used on input line 291.
(pdftex.def)             Requested size: 715.21333pt x 941.05653pt.
File: ../gen_notes/Pathetique.pdf Graphic file (type pdf)
<use ../gen_notes/Pathetique.pdf, page 8>
Package pdftex.def Info: ../gen_notes/Pathetique.pdf , page8 used on input line 291.
(pdftex.def)             Requested size: 604.21426pt x 795.00723pt.
File: ../gen_notes/Pathetique.pdf Graphic file (type pdf)
<use ../gen_notes/Pathetique.pdf, page 8>
Package pdftex.def Info: ../gen_notes/Pathetique.pdf , page8 used on input line 291.
(pdftex.def)             Requested size: 604.21426pt x 795.00723pt.
File: ../gen_notes/Pathetique.pdf Graphic file (type pdf)
<use ../gen_notes/Pathetique.pdf, page 8>
Package pdftex.def Info: ../gen_notes/Pathetique.pdf , page8 used on input line 291.
(pdftex.def)             Requested size: 604.21426pt x 795.00723pt.
File: ../gen_notes/Pathetique.pdf Graphic file (type pdf)
<use ../gen_notes/Pathetique.pdf, page 8>
Package pdftex.def Info: ../gen_notes/Pathetique.pdf , page8 used on input line 299.
(pdftex.def)             Requested size: 604.21426pt x 795.00723pt.
 [20


 <../gen_notes/Pathetique.pdf>] [21

] [22] (index.aux)
Package rerunfilecheck Info: File `index.out' has not changed.
(rerunfilecheck)             Checksum: 414AB5B143E8A18270C4B6318633D2F1;5789.
 ) 
Here is how much of TeX's memory you used:
 12526 strings out of 475386
 206211 string characters out of 5776435
 557160 words of memory out of 5000000
 33634 multiletter control sequences out of 15000+600000
 472340 words of font info for 39 fonts, out of 8000000 for 9000
 1141 hyphenation exceptions out of 8191
 72i,17n,77p,933b,497s stack positions out of 10000i,1000n,20000p,200000b,200000s
 <C:\Users\Michal\AppData\Local\MiKTeX\fonts/pk/ljfour/jknappen/ec/dpi600\tcrm1000.pk><C:/Users/Michal/AppData/Local/Programs/MiKTeX/fonts/type1/public/amsfonts/cm/cmbx10.pfb><C:/Users/Michal/AppData/Local/Programs/MiKTeX/fonts/type1/public/amsfonts/cm/cmbx12.pfb><C:/Users/Michal/AppData/Local/Programs/MiKTeX/fonts/type1/public/amsfonts/cm/cmr10.pfb><C:/Users/Michal/AppData/Local/Programs/MiKTeX/fonts/type1/public/amsfonts/cm/cmr12.pfb><C:/Users/Michal/AppData/Local/Programs/MiKTeX/fonts/type1/public/amsfonts/cm/cmtt10.pfb>
Output written on index.pdf (23 pages, 988457 bytes).
PDF statistics:
 498 PDF objects out of 1000 (max. 8388607)
 66 named destinations out of 1000 (max. 500000)
 430 words of extra memory for PDF output out of 10000 (max. 10000000)

